1732607226.418643 client started (96941): version 3.5a, socket /private/tmp/tmux-503/default, protocol 8
1732607226.418695 on Darwin 24.1.0 Darwin Kernel Version 24.1.0: Thu Oct 10 21:05:14 PDT 2024; root:xnu-11215.41.3~2/RELEASE_ARM64_T8103
1732607226.418710 using libevent 2.1.12-stable select
1732607226.418722 using utf8proc 2.9.0
1732607226.418731 using ncurses 6.5 20240427
1732607226.418753 flags are 0x18010000
1732607226.418762 socket is /private/tmp/tmux-503/default
1732607226.418774 trying connect
1732607226.418821 add peer 0x138028000: 6 (0x0)
1732607226.421664 sending message 111 to peer 0x138028000 (8 bytes)
1732607226.421689 sending message 111 to peer 0x138028000 (8 bytes)
1732607226.421699 sending message 101 to peer 0x138028000 (15 bytes)
1732607226.421708 sending message 109 to peer 0x138028000 (4 bytes)
1732607226.421716 sending message 102 to peer 0x138028000 (13 bytes)
1732607226.421727 sending message 108 to peer 0x138028000 (81 bytes)
1732607226.421738 sending message 112 to peer 0x138028000 (58 bytes)
1732607226.421749 sending message 112 to peer 0x138028000 (5 bytes)
1732607226.421757 sending message 112 to peer 0x138028000 (5 bytes)
1732607226.421765 sending message 112 to peer 0x138028000 (6 bytes)
1732607226.421772 sending message 112 to peer 0x138028000 (6 bytes)
1732607226.421780 sending message 112 to peer 0x138028000 (11 bytes)
1732607226.421787 sending message 112 to peer 0x138028000 (10 bytes)
1732607226.421795 sending message 112 to peer 0x138028000 (13 bytes)
1732607226.421802 sending message 112 to peer 0x138028000 (14 bytes)
1732607226.421810 sending message 112 to peer 0x138028000 (19 bytes)
1732607226.421817 sending message 112 to peer 0x138028000 (11 bytes)
1732607226.421825 sending message 112 to peer 0x138028000 (10 bytes)
1732607226.421832 sending message 112 to peer 0x138028000 (15 bytes)
1732607226.421840 sending message 112 to peer 0x138028000 (21 bytes)
1732607226.421847 sending message 112 to peer 0x138028000 (13 bytes)
1732607226.421855 sending message 112 to peer 0x138028000 (7 bytes)
1732607226.421862 sending message 112 to peer 0x138028000 (13 bytes)
1732607226.421869 sending message 112 to peer 0x138028000 (7 bytes)
1732607226.421877 sending message 112 to peer 0x138028000 (13 bytes)
1732607226.421884 sending message 112 to peer 0x138028000 (9 bytes)
1732607226.421892 sending message 112 to peer 0x138028000 (21 bytes)
1732607226.421899 sending message 112 to peer 0x138028000 (13 bytes)
1732607226.421907 sending message 112 to peer 0x138028000 (9 bytes)
1732607226.421914 sending message 112 to peer 0x138028000 (16 bytes)
1732607226.421931 sending message 112 to peer 0x138028000 (13 bytes)
1732607226.421939 sending message 112 to peer 0x138028000 (9 bytes)
1732607226.421946 sending message 112 to peer 0x138028000 (9 bytes)
1732607226.421954 sending message 112 to peer 0x138028000 (12 bytes)
1732607226.421961 sending message 112 to peer 0x138028000 (8 bytes)
1732607226.421968 sending message 112 to peer 0x138028000 (8 bytes)
1732607226.421976 sending message 112 to peer 0x138028000 (13 bytes)
1732607226.421983 sending message 112 to peer 0x138028000 (7 bytes)
1732607226.421997 sending message 112 to peer 0x138028000 (7 bytes)
1732607226.422005 sending message 112 to peer 0x138028000 (9 bytes)
1732607226.422012 sending message 112 to peer 0x138028000 (9 bytes)
1732607226.422019 sending message 112 to peer 0x138028000 (15 bytes)
1732607226.422027 sending message 112 to peer 0x138028000 (13 bytes)
1732607226.422034 sending message 112 to peer 0x138028000 (12 bytes)
1732607226.422042 sending message 112 to peer 0x138028000 (8 bytes)
1732607226.422049 sending message 112 to peer 0x138028000 (14 bytes)
1732607226.422057 sending message 112 to peer 0x138028000 (11 bytes)
1732607226.422064 sending message 112 to peer 0x138028000 (9 bytes)
1732607226.422072 sending message 112 to peer 0x138028000 (10 bytes)
1732607226.422079 sending message 112 to peer 0x138028000 (10 bytes)
1732607226.422086 sending message 112 to peer 0x138028000 (10 bytes)
1732607226.422093 sending message 112 to peer 0x138028000 (10 bytes)
1732607226.422112 sending message 112 to peer 0x138028000 (11 bytes)
1732607226.422118 sending message 112 to peer 0x138028000 (12 bytes)
1732607226.422123 sending message 112 to peer 0x138028000 (12 bytes)
1732607226.422128 sending message 112 to peer 0x138028000 (12 bytes)
1732607226.422134 sending message 112 to peer 0x138028000 (12 bytes)
1732607226.422139 sending message 112 to peer 0x138028000 (12 bytes)
1732607226.422144 sending message 112 to peer 0x138028000 (11 bytes)
1732607226.422149 sending message 112 to peer 0x138028000 (11 bytes)
1732607226.422154 sending message 112 to peer 0x138028000 (12 bytes)
1732607226.422159 sending message 112 to peer 0x138028000 (12 bytes)
1732607226.422164 sending message 112 to peer 0x138028000 (12 bytes)
1732607226.422169 sending message 112 to peer 0x138028000 (12 bytes)
1732607226.422174 sending message 112 to peer 0x138028000 (12 bytes)
1732607226.422180 sending message 112 to peer 0x138028000 (9 bytes)
1732607226.422185 sending message 112 to peer 0x138028000 (12 bytes)
1732607226.422190 sending message 112 to peer 0x138028000 (13 bytes)
1732607226.422195 sending message 112 to peer 0x138028000 (13 bytes)
1732607226.422200 sending message 112 to peer 0x138028000 (13 bytes)
1732607226.422205 sending message 112 to peer 0x138028000 (13 bytes)
1732607226.422210 sending message 112 to peer 0x138028000 (13 bytes)
1732607226.422215 sending message 112 to peer 0x138028000 (8 bytes)
1732607226.422220 sending message 112 to peer 0x138028000 (11 bytes)
1732607226.422225 sending message 112 to peer 0x138028000 (11 bytes)
1732607226.422231 sending message 112 to peer 0x138028000 (11 bytes)
1732607226.422236 sending message 112 to peer 0x138028000 (12 bytes)
1732607226.422241 sending message 112 to peer 0x138028000 (12 bytes)
1732607226.422246 sending message 112 to peer 0x138028000 (12 bytes)
1732607226.422251 sending message 112 to peer 0x138028000 (12 bytes)
1732607226.422256 sending message 112 to peer 0x138028000 (13 bytes)
1732607226.422261 sending message 112 to peer 0x138028000 (13 bytes)
1732607226.422266 sending message 112 to peer 0x138028000 (13 bytes)
1732607226.422271 sending message 112 to peer 0x138028000 (8 bytes)
1732607226.422276 sending message 112 to peer 0x138028000 (13 bytes)
1732607226.422282 sending message 112 to peer 0x138028000 (13 bytes)
1732607226.422287 sending message 112 to peer 0x138028000 (13 bytes)
1732607226.422292 sending message 112 to peer 0x138028000 (13 bytes)
1732607226.422297 sending message 112 to peer 0x138028000 (13 bytes)
1732607226.422302 sending message 112 to peer 0x138028000 (12 bytes)
1732607226.422307 sending message 112 to peer 0x138028000 (12 bytes)
1732607226.422312 sending message 112 to peer 0x138028000 (12 bytes)
1732607226.422317 sending message 112 to peer 0x138028000 (12 bytes)
1732607226.422322 sending message 112 to peer 0x138028000 (13 bytes)
1732607226.422327 sending message 112 to peer 0x138028000 (8 bytes)
1732607226.422332 sending message 112 to peer 0x138028000 (13 bytes)
1732607226.422338 sending message 112 to peer 0x138028000 (13 bytes)
1732607226.422343 sending message 112 to peer 0x138028000 (13 bytes)
1732607226.422348 sending message 112 to peer 0x138028000 (13 bytes)
1732607226.422353 sending message 112 to peer 0x138028000 (13 bytes)
1732607226.422358 sending message 112 to peer 0x138028000 (13 bytes)
1732607226.422363 sending message 112 to peer 0x138028000 (13 bytes)
1732607226.422368 sending message 112 to peer 0x138028000 (12 bytes)
1732607226.422373 sending message 112 to peer 0x138028000 (12 bytes)
1732607226.422378 sending message 112 to peer 0x138028000 (12 bytes)
1732607226.422383 sending message 112 to peer 0x138028000 (8 bytes)
1732607226.422388 sending message 112 to peer 0x138028000 (12 bytes)
1732607226.422393 sending message 112 to peer 0x138028000 (13 bytes)
1732607226.422398 sending message 112 to peer 0x138028000 (13 bytes)
1732607226.422403 sending message 112 to peer 0x138028000 (13 bytes)
1732607226.422408 sending message 112 to peer 0x138028000 (13 bytes)
1732607226.422413 sending message 112 to peer 0x138028000 (13 bytes)
1732607226.422431 sending message 112 to peer 0x138028000 (13 bytes)
1732607226.422436 sending message 112 to peer 0x138028000 (13 bytes)
1732607226.422441 sending message 112 to peer 0x138028000 (13 bytes)
1732607226.422446 sending message 112 to peer 0x138028000 (12 bytes)
1732607226.422452 sending message 112 to peer 0x138028000 (10 bytes)
1732607226.422457 sending message 112 to peer 0x138028000 (12 bytes)
1732607226.422462 sending message 112 to peer 0x138028000 (12 bytes)
1732607226.422467 sending message 112 to peer 0x138028000 (12 bytes)
1732607226.422472 sending message 112 to peer 0x138028000 (13 bytes)
1732607226.422477 sending message 112 to peer 0x138028000 (13 bytes)
1732607226.422482 sending message 112 to peer 0x138028000 (13 bytes)
1732607226.422487 sending message 112 to peer 0x138028000 (13 bytes)
1732607226.422492 sending message 112 to peer 0x138028000 (13 bytes)
1732607226.422497 sending message 112 to peer 0x138028000 (13 bytes)
1732607226.422502 sending message 112 to peer 0x138028000 (13 bytes)
1732607226.422507 sending message 112 to peer 0x138028000 (10 bytes)
1732607226.422512 sending message 112 to peer 0x138028000 (13 bytes)
1732607226.422517 sending message 112 to peer 0x138028000 (12 bytes)
1732607226.422522 sending message 112 to peer 0x138028000 (12 bytes)
1732607226.422527 sending message 112 to peer 0x138028000 (12 bytes)
1732607226.422532 sending message 112 to peer 0x138028000 (10 bytes)
1732607226.422537 sending message 112 to peer 0x138028000 (10 bytes)
1732607226.422542 sending message 112 to peer 0x138028000 (10 bytes)
1732607226.422547 sending message 112 to peer 0x138028000 (12 bytes)
1732607226.422552 sending message 112 to peer 0x138028000 (13 bytes)
1732607226.422557 sending message 112 to peer 0x138028000 (13 bytes)
1732607226.422563 sending message 112 to peer 0x138028000 (13 bytes)
1732607226.422568 sending message 112 to peer 0x138028000 (13 bytes)
1732607226.422573 sending message 112 to peer 0x138028000 (13 bytes)
1732607226.422578 sending message 112 to peer 0x138028000 (10 bytes)
1732607226.422583 sending message 112 to peer 0x138028000 (11 bytes)
1732607226.422588 sending message 112 to peer 0x138028000 (12 bytes)
1732607226.422593 sending message 112 to peer 0x138028000 (12 bytes)
1732607226.422598 sending message 112 to peer 0x138028000 (12 bytes)
1732607226.422603 sending message 112 to peer 0x138028000 (12 bytes)
1732607226.422608 sending message 112 to peer 0x138028000 (12 bytes)
1732607226.422613 sending message 112 to peer 0x138028000 (11 bytes)
1732607226.422618 sending message 112 to peer 0x138028000 (12 bytes)
1732607226.422623 sending message 112 to peer 0x138028000 (12 bytes)
1732607226.422628 sending message 112 to peer 0x138028000 (13 bytes)
1732607226.422633 sending message 112 to peer 0x138028000 (13 bytes)
1732607226.422638 sending message 112 to peer 0x138028000 (13 bytes)
1732607226.422643 sending message 112 to peer 0x138028000 (13 bytes)
1732607226.422648 sending message 112 to peer 0x138028000 (13 bytes)
1732607226.422653 sending message 112 to peer 0x138028000 (10 bytes)
1732607226.422658 sending message 112 to peer 0x138028000 (9 bytes)
1732607226.422664 sending message 112 to peer 0x138028000 (12 bytes)
1732607226.422669 sending message 112 to peer 0x138028000 (13 bytes)
1732607226.422674 sending message 112 to peer 0x138028000 (13 bytes)
1732607226.422679 sending message 112 to peer 0x138028000 (13 bytes)
1732607226.422684 sending message 112 to peer 0x138028000 (13 bytes)
1732607226.422689 sending message 112 to peer 0x138028000 (13 bytes)
1732607226.422694 sending message 112 to peer 0x138028000 (9 bytes)
1732607226.422699 sending message 112 to peer 0x138028000 (12 bytes)
1732607226.422704 sending message 112 to peer 0x138028000 (13 bytes)
1732607226.422709 sending message 112 to peer 0x138028000 (13 bytes)
1732607226.422714 sending message 112 to peer 0x138028000 (13 bytes)
1732607226.422719 sending message 112 to peer 0x138028000 (13 bytes)
1732607226.422724 sending message 112 to peer 0x138028000 (13 bytes)
1732607226.422736 sending message 112 to peer 0x138028000 (11 bytes)
1732607226.422742 sending message 112 to peer 0x138028000 (12 bytes)
1732607226.422747 sending message 112 to peer 0x138028000 (13 bytes)
1732607226.422752 sending message 112 to peer 0x138028000 (13 bytes)
1732607226.422757 sending message 112 to peer 0x138028000 (13 bytes)
1732607226.422762 sending message 112 to peer 0x138028000 (13 bytes)
1732607226.422767 sending message 112 to peer 0x138028000 (13 bytes)
1732607226.422772 sending message 112 to peer 0x138028000 (11 bytes)
1732607226.422778 sending message 112 to peer 0x138028000 (12 bytes)
1732607226.422783 sending message 112 to peer 0x138028000 (12 bytes)
1732607226.422788 sending message 112 to peer 0x138028000 (12 bytes)
1732607226.422793 sending message 112 to peer 0x138028000 (12 bytes)
1732607226.422798 sending message 112 to peer 0x138028000 (12 bytes)
1732607226.422803 sending message 112 to peer 0x138028000 (21 bytes)
1732607226.422808 sending message 112 to peer 0x138028000 (12 bytes)
1732607226.422813 sending message 112 to peer 0x138028000 (9 bytes)
1732607226.422818 sending message 112 to peer 0x138028000 (6 bytes)
1732607226.422823 sending message 112 to peer 0x138028000 (13 bytes)
1732607226.422828 sending message 112 to peer 0x138028000 (10 bytes)
1732607226.422833 sending message 112 to peer 0x138028000 (24 bytes)
1732607226.422838 sending message 112 to peer 0x138028000 (13 bytes)
1732607226.422843 sending message 112 to peer 0x138028000 (9 bytes)
1732607226.422848 sending message 112 to peer 0x138028000 (70 bytes)
1732607226.422853 sending message 112 to peer 0x138028000 (69 bytes)
1732607226.422859 sending message 112 to peer 0x138028000 (12 bytes)
1732607226.422864 sending message 112 to peer 0x138028000 (10 bytes)
1732607226.422869 sending message 112 to peer 0x138028000 (10 bytes)
1732607226.422874 sending message 112 to peer 0x138028000 (24 bytes)
1732607226.422879 sending message 112 to peer 0x138028000 (13 bytes)
1732607226.422884 sending message 112 to peer 0x138028000 (10 bytes)
1732607226.422889 sending message 112 to peer 0x138028000 (10 bytes)
1732607226.422894 sending message 112 to peer 0x138028000 (10 bytes)
1732607226.422899 sending message 112 to peer 0x138028000 (13 bytes)
1732607226.422904 sending message 112 to peer 0x138028000 (15 bytes)
1732607226.422909 sending message 112 to peer 0x138028000 (5 bytes)
1732607226.422918 sending message 104 to peer 0x138028000 (0 bytes)
1732607226.422924 sending message 110 to peer 0x138028000 (0 bytes)
1732607226.422929 sending message 107 to peer 0x138028000 (4 bytes)
1732607226.422934 sending message 105 to peer 0x138028000 (20 bytes)
1732607226.422940 sending message 105 to peer 0x138028000 (22 bytes)
1732607226.422945 sending message 105 to peer 0x138028000 (18 bytes)
1732607226.422950 sending message 105 to peer 0x138028000 (17 bytes)
1732607226.422955 sending message 105 to peer 0x138028000 (27 bytes)
1732607226.422960 sending message 105 to peer 0x138028000 (14 bytes)
1732607226.422965 sending message 105 to peer 0x138028000 (54 bytes)
1732607226.422971 sending message 105 to peer 0x138028000 (891 bytes)
1732607226.422976 sending message 105 to peer 0x138028000 (24 bytes)
1732607226.422981 sending message 105 to peer 0x138028000 (15 bytes)
1732607226.422986 sending message 105 to peer 0x138028000 (58 bytes)
1732607226.422991 sending message 105 to peer 0x138028000 (20 bytes)
1732607226.422996 sending message 105 to peer 0x138028000 (21 bytes)
1732607226.423001 sending message 105 to peer 0x138028000 (46 bytes)
1732607226.423006 sending message 105 to peer 0x138028000 (57 bytes)
1732607226.423011 sending message 105 to peer 0x138028000 (11 bytes)
1732607226.423016 sending message 105 to peer 0x138028000 (32 bytes)
1732607226.423022 sending message 105 to peer 0x138028000 (46 bytes)
1732607226.423027 sending message 105 to peer 0x138028000 (72 bytes)
1732607226.423032 sending message 105 to peer 0x138028000 (64 bytes)
1732607226.423037 sending message 105 to peer 0x138028000 (15 bytes)
1732607226.423054 sending message 105 to peer 0x138028000 (67 bytes)
1732607226.423059 sending message 105 to peer 0x138028000 (14 bytes)
1732607226.423065 sending message 105 to peer 0x138028000 (19 bytes)
1732607226.423070 sending message 105 to peer 0x138028000 (44 bytes)
1732607226.423075 sending message 105 to peer 0x138028000 (39 bytes)
1732607226.423080 sending message 105 to peer 0x138028000 (8 bytes)
1732607226.423085 sending message 105 to peer 0x138028000 (85 bytes)
1732607226.423090 sending message 105 to peer 0x138028000 (88 bytes)
1732607226.423096 sending message 105 to peer 0x138028000 (73 bytes)
1732607226.423101 sending message 105 to peer 0x138028000 (30 bytes)
1732607226.423106 sending message 105 to peer 0x138028000 (37 bytes)
1732607226.423111 sending message 105 to peer 0x138028000 (34 bytes)
1732607226.423116 sending message 105 to peer 0x138028000 (60 bytes)
1732607226.423121 sending message 105 to peer 0x138028000 (12 bytes)
1732607226.423126 sending message 105 to peer 0x138028000 (22 bytes)
1732607226.423131 sending message 105 to peer 0x138028000 (26 bytes)
1732607226.423136 sending message 105 to peer 0x138028000 (16 bytes)
1732607226.423141 sending message 105 to peer 0x138028000 (52 bytes)
1732607226.423146 sending message 105 to peer 0x138028000 (61 bytes)
1732607226.423151 sending message 105 to peer 0x138028000 (10 bytes)
1732607226.423169 sending message 105 to peer 0x138028000 (26 bytes)
1732607226.423175 sending message 105 to peer 0x138028000 (25 bytes)
1732607226.423180 sending message 106 to peer 0x138028000 (0 bytes)
1732607226.423260 cmd_pack_argv: argv[0]=new
1732607226.423267 cmd_pack_argv: argv[1]=-s
1732607226.423273 cmd_pack_argv: argv[2]=embed
1732607226.423278 sending message 200 to peer 0x138028000 (17 bytes)
1732607226.423284 client loop enter
1732607226.426094 peer 0x138028000 message 207
1732607226.426119 sending message 208 to peer 0x138028000 (0 bytes)
1732611448.397462 client_signal: Hangup: 1
1732611448.398180 sending message 205 to peer 0x138028000 (0 bytes)
1732611448.400044 peer 0x138028000 message 204
1732611448.400187 client loop exit
