1732607205.849313 client started (96928): version 3.5a, socket /private/tmp/tmux-503/default, protocol 8
1732607205.849373 on Darwin 24.1.0 Darwin Kernel Version 24.1.0: Thu Oct 10 21:05:14 PDT 2024; root:xnu-11215.41.3~2/RELEASE_ARM64_T8103
1732607205.849388 using libevent 2.1.12-stable select
1732607205.849704 using utf8proc 2.9.0
1732607205.849716 using ncurses 6.5 20240427
1732607205.849738 flags are 0x10010000
1732607205.849746 socket is /private/tmp/tmux-503/default
1732607205.849759 trying connect
1732607205.849806 add peer 0x120048000: 6 (0x0)
1732607205.853459 sending message 111 to peer 0x120048000 (8 bytes)
1732607205.853474 sending message 111 to peer 0x120048000 (8 bytes)
1732607205.853485 sending message 101 to peer 0x120048000 (7 bytes)
1732607205.853494 sending message 109 to peer 0x120048000 (4 bytes)
1732607205.853503 sending message 102 to peer 0x120048000 (13 bytes)
1732607205.853510 sending message 108 to peer 0x120048000 (81 bytes)
1732607205.853518 sending message 112 to peer 0x120048000 (70 bytes)
1732607205.853525 sending message 112 to peer 0x120048000 (5 bytes)
1732607205.853533 sending message 112 to peer 0x120048000 (5 bytes)
1732607205.853540 sending message 112 to peer 0x120048000 (6 bytes)
1732607205.853547 sending message 112 to peer 0x120048000 (6 bytes)
1732607205.853555 sending message 112 to peer 0x120048000 (11 bytes)
1732607205.853562 sending message 112 to peer 0x120048000 (10 bytes)
1732607205.853569 sending message 112 to peer 0x120048000 (13 bytes)
1732607205.853577 sending message 112 to peer 0x120048000 (13 bytes)
1732607205.853584 sending message 112 to peer 0x120048000 (18 bytes)
1732607205.853591 sending message 112 to peer 0x120048000 (9 bytes)
1732607205.853598 sending message 112 to peer 0x120048000 (21 bytes)
1732607205.853606 sending message 112 to peer 0x120048000 (13 bytes)
1732607205.853613 sending message 112 to peer 0x120048000 (7 bytes)
1732607205.853620 sending message 112 to peer 0x120048000 (13 bytes)
1732607205.853627 sending message 112 to peer 0x120048000 (7 bytes)
1732607205.853635 sending message 112 to peer 0x120048000 (13 bytes)
1732607205.853642 sending message 112 to peer 0x120048000 (9 bytes)
1732607205.853649 sending message 112 to peer 0x120048000 (21 bytes)
1732607205.853656 sending message 112 to peer 0x120048000 (13 bytes)
1732607205.853664 sending message 112 to peer 0x120048000 (8 bytes)
1732607205.853671 sending message 112 to peer 0x120048000 (12 bytes)
1732607205.853678 sending message 112 to peer 0x120048000 (13 bytes)
1732607205.853685 sending message 112 to peer 0x120048000 (9 bytes)
1732607205.853692 sending message 112 to peer 0x120048000 (9 bytes)
1732607205.853700 sending message 112 to peer 0x120048000 (12 bytes)
1732607205.853707 sending message 112 to peer 0x120048000 (8 bytes)
1732607205.853714 sending message 112 to peer 0x120048000 (7 bytes)
1732607205.853721 sending message 112 to peer 0x120048000 (7 bytes)
1732607205.853728 sending message 112 to peer 0x120048000 (9 bytes)
1732607205.853735 sending message 112 to peer 0x120048000 (13 bytes)
1732607205.853743 sending message 112 to peer 0x120048000 (9 bytes)
1732607205.853750 sending message 112 to peer 0x120048000 (15 bytes)
1732607205.853757 sending message 112 to peer 0x120048000 (13 bytes)
1732607205.853764 sending message 112 to peer 0x120048000 (12 bytes)
1732607205.853771 sending message 112 to peer 0x120048000 (8 bytes)
1732607205.853779 sending message 112 to peer 0x120048000 (14 bytes)
1732607205.853786 sending message 112 to peer 0x120048000 (9 bytes)
1732607205.853793 sending message 112 to peer 0x120048000 (10 bytes)
1732607205.853800 sending message 112 to peer 0x120048000 (10 bytes)
1732607205.853807 sending message 112 to peer 0x120048000 (10 bytes)
1732607205.853814 sending message 112 to peer 0x120048000 (10 bytes)
1732607205.853822 sending message 112 to peer 0x120048000 (11 bytes)
1732607205.853829 sending message 112 to peer 0x120048000 (10 bytes)
1732607205.853836 sending message 112 to peer 0x120048000 (8 bytes)
1732607205.853843 sending message 112 to peer 0x120048000 (11 bytes)
1732607205.853866 sending message 112 to peer 0x120048000 (11 bytes)
1732607205.853872 sending message 112 to peer 0x120048000 (11 bytes)
1732607205.853877 sending message 112 to peer 0x120048000 (8 bytes)
1732607205.853882 sending message 112 to peer 0x120048000 (8 bytes)
1732607205.853888 sending message 112 to peer 0x120048000 (8 bytes)
1732607205.853893 sending message 112 to peer 0x120048000 (10 bytes)
1732607205.853898 sending message 112 to peer 0x120048000 (10 bytes)
1732607205.853904 sending message 112 to peer 0x120048000 (10 bytes)
1732607205.853909 sending message 112 to peer 0x120048000 (10 bytes)
1732607205.853914 sending message 112 to peer 0x120048000 (10 bytes)
1732607205.853920 sending message 112 to peer 0x120048000 (11 bytes)
1732607205.853925 sending message 112 to peer 0x120048000 (11 bytes)
1732607205.853930 sending message 112 to peer 0x120048000 (10 bytes)
1732607205.853935 sending message 112 to peer 0x120048000 (9 bytes)
1732607205.853940 sending message 112 to peer 0x120048000 (9 bytes)
1732607205.853945 sending message 112 to peer 0x120048000 (12 bytes)
1732607205.853951 sending message 112 to peer 0x120048000 (9 bytes)
1732607205.853956 sending message 112 to peer 0x120048000 (6 bytes)
1732607205.853961 sending message 112 to peer 0x120048000 (13 bytes)
1732607205.853966 sending message 112 to peer 0x120048000 (8 bytes)
1732607205.853971 sending message 112 to peer 0x120048000 (15 bytes)
1732607205.853976 sending message 112 to peer 0x120048000 (13 bytes)
1732607205.853982 sending message 112 to peer 0x120048000 (16 bytes)
1732607205.853987 sending message 112 to peer 0x120048000 (16 bytes)
1732607205.853992 sending message 112 to peer 0x120048000 (10 bytes)
1732607205.853997 sending message 112 to peer 0x120048000 (8 bytes)
1732607205.854002 sending message 112 to peer 0x120048000 (15 bytes)
1732607205.854007 sending message 112 to peer 0x120048000 (13 bytes)
1732607205.854012 sending message 112 to peer 0x120048000 (10 bytes)
1732607205.854017 sending message 112 to peer 0x120048000 (10 bytes)
1732607205.854022 sending message 112 to peer 0x120048000 (5 bytes)
1732607205.854028 sending message 112 to peer 0x120048000 (15 bytes)
1732607205.854035 sending message 104 to peer 0x120048000 (0 bytes)
1732607205.854041 sending message 110 to peer 0x120048000 (0 bytes)
1732607205.854046 sending message 107 to peer 0x120048000 (4 bytes)
1732607205.854051 sending message 105 to peer 0x120048000 (20 bytes)
1732607205.854057 sending message 105 to peer 0x120048000 (22 bytes)
1732607205.854062 sending message 105 to peer 0x120048000 (18 bytes)
1732607205.854067 sending message 105 to peer 0x120048000 (37 bytes)
1732607205.854072 sending message 105 to peer 0x120048000 (30 bytes)
1732607205.854077 sending message 105 to peer 0x120048000 (34 bytes)
1732607205.854083 sending message 105 to peer 0x120048000 (110 bytes)
1732607205.854088 sending message 105 to peer 0x120048000 (73 bytes)
1732607205.854094 sending message 105 to peer 0x120048000 (17 bytes)
1732607205.854100 sending message 105 to peer 0x120048000 (27 bytes)
1732607205.854105 sending message 105 to peer 0x120048000 (14 bytes)
1732607205.854110 sending message 105 to peer 0x120048000 (54 bytes)
1732607205.854116 sending message 105 to peer 0x120048000 (52 bytes)
1732607205.854121 sending message 105 to peer 0x120048000 (16 bytes)
1732607205.854126 sending message 105 to peer 0x120048000 (26 bytes)
1732607205.854131 sending message 105 to peer 0x120048000 (61 bytes)
1732607205.854137 sending message 105 to peer 0x120048000 (88 bytes)
1732607205.854142 sending message 105 to peer 0x120048000 (12 bytes)
1732607205.854147 sending message 105 to peer 0x120048000 (1238 bytes)
1732607205.854153 sending message 105 to peer 0x120048000 (85 bytes)
1732607205.854158 sending message 105 to peer 0x120048000 (24 bytes)
1732607205.854164 sending message 105 to peer 0x120048000 (15 bytes)
1732607205.854169 sending message 105 to peer 0x120048000 (8 bytes)
1732607205.854174 sending message 105 to peer 0x120048000 (58 bytes)
1732607205.854179 sending message 105 to peer 0x120048000 (12 bytes)
1732607205.854192 sending message 105 to peer 0x120048000 (18 bytes)
1732607205.854197 sending message 105 to peer 0x120048000 (26 bytes)
1732607205.854203 sending message 105 to peer 0x120048000 (57 bytes)
1732607205.854208 sending message 105 to peer 0x120048000 (43 bytes)
1732607205.854213 sending message 105 to peer 0x120048000 (13 bytes)
1732607205.854218 sending message 105 to peer 0x120048000 (60 bytes)
1732607205.854223 sending message 105 to peer 0x120048000 (11 bytes)
1732607205.854229 sending message 105 to peer 0x120048000 (32 bytes)
1732607205.854234 sending message 105 to peer 0x120048000 (46 bytes)
1732607205.854239 sending message 105 to peer 0x120048000 (72 bytes)
1732607205.854244 sending message 105 to peer 0x120048000 (64 bytes)
1732607205.854249 sending message 105 to peer 0x120048000 (15 bytes)
1732607205.854254 sending message 105 to peer 0x120048000 (67 bytes)
1732607205.854260 sending message 105 to peer 0x120048000 (14 bytes)
1732607205.854265 sending message 105 to peer 0x120048000 (19 bytes)
1732607205.854270 sending message 105 to peer 0x120048000 (26 bytes)
1732607205.854275 sending message 105 to peer 0x120048000 (22 bytes)
1732607205.854280 sending message 105 to peer 0x120048000 (44 bytes)
1732607205.854285 sending message 105 to peer 0x120048000 (39 bytes)
1732607205.854290 sending message 105 to peer 0x120048000 (10 bytes)
1732607205.854296 sending message 105 to peer 0x120048000 (25 bytes)
1732607205.854301 sending message 106 to peer 0x120048000 (0 bytes)
1732607205.854354 sending message 200 to peer 0x120048000 (4 bytes)
1732607205.854361 client loop enter
1732607205.854584 peer 0x120048000 message 303
1732607205.854594 open write file 2 -
1732607205.854606 sending message 305 to peer 0x120048000 (8 bytes)
1732607205.854621 write check file 2
1732607205.854650 peer 0x120048000 message 304
1732607205.854656 write 58 to file 2
1732607205.854663 peer 0x120048000 message 203
1732607205.854668 file 2 58 bytes left
1732607205.854683 write check file 2
1732607205.854689 client loop exit
